This file contains any messages produced by compilers while
running configure, to aid debugging if configure makes a mistake.

It was created by etherape configure 0.9.13, which was
generated by GNU Autoconf 2.65.  Invocation command line was

  $ ./configure 

## --------- ##
## Platform. ##
## --------- ##

hostname = amd64
uname -m = x86_64
uname -r = 13.3.0
uname -s = Darwin
uname -v = Darwin Kernel Version 13.3.0: Tue Jun  3 21:27:35 PDT 2014; root:xnu-2422.110.17~1/RELEASE_X86_64

/usr/bin/uname -p = i386
/bin/uname -X     = unknown

/bin/arch              = unknown
/usr/bin/arch -k       = unknown
/usr/convex/getsysinfo = unknown
/usr/bin/hostinfo      = Mach kernel version:
	 Darwin Kernel Version 13.3.0: Tue Jun  3 21:27:35 PDT 2014; root:xnu-2422.110.17~1/RELEASE_X86_64
Kernel configured for up to 8 processors.
4 processors are physically available.
8 processors are logically available.
Processor type: i486 (Intel 80486)
Processors active: 0 1 2 3 4 5 6 7
Primary memory available: 16.00 gigabytes
Default processor set: 190 tasks, 1029 threads, 8 processors
Load average: 2.27, Mach factor: 5.72
/bin/machine           = unknown
/usr/bin/oslevel       = unknown
/bin/universe          = unknown

PATH: /usr/bin
PATH: /bin
PATH: /usr/sbin
PATH: /sbin
PATH: /usr/local/bin
PATH: /opt/X11/bin


## ----------- ##
## Core tests. ##
## ----------- ##

configure:2450: checking for a BSD-compatible install
configure:2518: result: /usr/bin/install -c
configure:2529: checking whether build environment is sane
configure:2579: result: yes
configure:2720: checking for a thread-safe mkdir -p
configure:2759: result: ./install-sh -c -d
configure:2772: checking for gawk
configure:2802: result: no
configure:2772: checking for mawk
configure:2802: result: no
configure:2772: checking for nawk
configure:2802: result: no
configure:2772: checking for awk
configure:2788: found /usr/bin/awk
configure:2799: result: awk
configure:2810: checking whether make sets $(MAKE)
configure:2832: result: yes
configure:2979: checking for gcc
configure:2995: found /usr/bin/gcc
configure:3006: result: gcc
configure:3235: checking for C compiler version
configure:3244: gcc --version >&5
Apple LLVM version 6.0 (clang-600.0.57) (based on LLVM 3.5svn)
Target: x86_64-apple-darwin13.3.0
Thread model: posix
Configured with: --prefix=/Applications/Xcode.app/Contents/Developer/usr --with-gxx-include-dir=/usr/include/c++/4.2.1
configure:3255: $? = 0
configure:3244: gcc -v >&5
Configured with: --prefix=/Applications/Xcode.app/Contents/Developer/usr --with-gxx-include-dir=/usr/include/c++/4.2.1
Apple LLVM version 6.0 (clang-600.0.57) (based on LLVM 3.5svn)
Target: x86_64-apple-darwin13.3.0
Thread model: posix
configure:3255: $? = 0
configure:3244: gcc -V >&5
clang: error: argument to '-V' is missing (expected 1 value)
clang: error: no input files
configure:3255: $? = 1
configure:3244: gcc -qversion >&5
clang: error: unknown argument: '-qversion'
clang: error: no input files
configure:3255: $? = 1
configure:3275: checking whether the C compiler works
configure:3297: gcc    conftest.c  >&5
configure:3301: $? = 0
configure:3350: result: yes
configure:3353: checking for C compiler default output file name
configure:3355: result: a.out
configure:3361: checking for suffix of executables
configure:3368: gcc -o conftest    conftest.c  >&5
configure:3372: $? = 0
configure:3394: result: 
configure:3416: checking whether we are cross compiling
configure:3424: gcc -o conftest    conftest.c  >&5
configure:3428: $? = 0
configure:3435: ./conftest
configure:3439: $? = 0
configure:3454: result: no
configure:3459: checking for suffix of object files
configure:3481: gcc -c   conftest.c >&5
configure:3485: $? = 0
configure:3506: result: o
configure:3510: checking whether we are using the GNU C compiler
configure:3529: gcc -c   conftest.c >&5
configure:3529: $? = 0
configure:3538: result: yes
configure:3547: checking whether gcc accepts -g
configure:3567: gcc -c -g  conftest.c >&5
configure:3567: $? = 0
configure:3608: result: yes
configure:3625: checking for gcc option to accept ISO C89
configure:3689: gcc  -c -g -O2  conftest.c >&5
configure:3689: $? = 0
configure:3702: result: none needed
configure:3733: checking for style of include used by make
configure:3761: result: GNU
configure:3786: checking dependency style of gcc
configure:3896: result: gcc3
configure:3916: checking how to run the C preprocessor
configure:3947: gcc -E  conftest.c
configure:3947: $? = 0
configure:3961: gcc -E  conftest.c
conftest.c:16:10: fatal error: 'ac_nonexistent.h' file not found
#include <ac_nonexistent.h>
         ^
1 error generated.
configure:3961: $? = 1
configure: failed program was:
| /* confdefs.h */
| #define PACKAGE_NAME "etherape"
| #define PACKAGE_TARNAME "etherape"
| #define PACKAGE_VERSION "0.9.13"
| #define PACKAGE_STRING "etherape 0.9.13"
| #define PACKAGE_BUGREPORT ""
| #define PACKAGE_URL ""
| #define PACKAGE "etherape"
| #define VERSION "0.9.13"
| #define HAVE_CATGETS /**/
| #define GETTEXT_PACKAGE /**/
| #define HAVE_LIBSM /**/
| #define HAVE_LIBPCAP /**/
| #define HAVE_U_INT /**/
| /* end confdefs.h.  */
| #include <ac_nonexistent.h>
configure:3986: result: gcc -E
configure:4006: gcc -E  conftest.c
configure:4006: $? = 0
configure:4020: gcc -E  conftest.c
conftest.c:16:10: fatal error: 'ac_nonexistent.h' file not found
#include <ac_nonexistent.h>
         ^
1 error generated.
configure:4020: $? = 1
configure: failed program was:
| /* confdefs.h */
| #define PACKAGE_NAME "etherape"
| #define PACKAGE_TARNAME "etherape"
| #define PACKAGE_VERSION "0.9.13"
| #define PACKAGE_STRING "etherape 0.9.13"
| #define PACKAGE_BUGREPORT ""
| #define PACKAGE_URL ""
| #define PACKAGE "etherape"
| #define VERSION "0.9.13"
| #define HAVE_CATGETS /**/
| #define GETTEXT_PACKAGE /**/
| #define HAVE_LIBSM /**/
| #define HAVE_LIBPCAP /**/
| #define HAVE_U_INT /**/
| /* end confdefs.h.  */
| #include <ac_nonexistent.h>
configure:4049: checking whether ln -s works
configure:4053: result: yes
configure:4060: checking whether make sets $(MAKE)
configure:4082: result: yes
configure:4120: checking build system type
configure:4134: result: x86_64-apple-darwin13.3.0
configure:4154: checking host system type
configure:4167: result: x86_64-apple-darwin13.3.0
configure:4187: checking for a sed that does not truncate output
configure:4251: result: /usr/bin/sed
configure:4269: checking for grep that handles long lines and -e
configure:4327: result: /usr/bin/grep
configure:4332: checking for egrep
configure:4394: result: /usr/bin/grep -E
configure:4399: checking for fgrep
configure:4461: result: /usr/bin/grep -F
configure:4496: checking for ld used by gcc
configure:4563: result: /Applications/Xcode.app/Contents/Developer/Toolchains/XcodeDefault.xctoolchain/usr/bin/ld
configure:4570: checking if the linker (/Applications/Xcode.app/Contents/Developer/Toolchains/XcodeDefault.xctoolchain/usr/bin/ld) is GNU ld
configure:4585: result: no
configure:4597: checking for BSD- or MS-compatible name lister (nm)
configure:4646: result: /usr/bin/nm
configure:4764: checking the name lister (/usr/bin/nm) interface
configure:4771: gcc -c -g -O2  conftest.c >&5
configure:4774: /usr/bin/nm "conftest.o"
configure:4777: output
000000000000023c S _some_variable
configure:4784: result: BSD nm
configure:4788: checking the maximum length of command line arguments
configure:4908: result: 196608
configure:4925: checking whether the shell understands some XSI constructs
configure:4935: result: yes
configure:4939: checking whether the shell understands "+="
configure:4945: result: yes
configure:4980: checking for /Applications/Xcode.app/Contents/Developer/Toolchains/XcodeDefault.xctoolchain/usr/bin/ld option to reload object files
configure:4987: result: -r
configure:5056: checking for objdump
configure:5086: result: no
configure:5115: checking how to recognize dependent libraries
configure:5311: result: pass_all
configure:5371: checking for ar
configure:5387: found /usr/bin/ar
configure:5398: result: ar
configure:5476: checking for strip
configure:5492: found /usr/bin/strip
configure:5503: result: strip
configure:5575: checking for ranlib
configure:5591: found /usr/bin/ranlib
configure:5602: result: ranlib
configure:5692: checking command to parse /usr/bin/nm output from gcc object
configure:5810: gcc -c -g -O2  conftest.c >&5
configure:5813: $? = 0
configure:5817: /usr/bin/nm conftest.o \| sed -n -e 's/^.*[	 ]\([BCDEGRST][BCDEGRST]*\)[	 ][	 ]*\([_A-Za-z][_A-Za-z0-9]*\)$/\1 \2 \2/p' \> conftest.nm
configure:5820: $? = 0
cannot find nm_test_var in conftest.nm
configure:5810: gcc -c -g -O2  conftest.c >&5
configure:5813: $? = 0
configure:5817: /usr/bin/nm conftest.o \| sed -n -e 's/^.*[	 ]\([BCDEGRST][BCDEGRST]*\)[	 ][	 ]*_\([_A-Za-z][_A-Za-z0-9]*\)$/\1 _\2 \2/p' \> conftest.nm
configure:5820: $? = 0
configure:5874: gcc -o conftest -g -O2   conftest.c conftstm.o >&5
configure:5877: $? = 0
configure:5915: result: ok
configure:6180: checking for dsymutil
configure:6196: found /usr/bin/dsymutil
configure:6207: result: dsymutil
configure:6272: checking for nmedit
configure:6288: found /usr/bin/nmedit
configure:6299: result: nmedit
configure:6364: checking for lipo
configure:6380: found /usr/bin/lipo
configure:6391: result: lipo
configure:6456: checking for otool
configure:6472: found /usr/bin/otool
configure:6483: result: otool
configure:6548: checking for otool64
configure:6578: result: no
configure:6623: checking for -single_module linker flag
gcc -g -O2  -o libconftest.dylib -dynamiclib -Wl,-single_module conftest.c
configure:6650: result: yes
configure:6652: checking for -exported_symbols_list linker flag
configure:6672: gcc -o conftest -g -O2   -Wl,-exported_symbols_list,conftest.sym conftest.c  >&5
configure:6672: $? = 0
configure:6682: result: yes
configure:6720: checking for ANSI C header files
configure:6740: gcc -c -g -O2  conftest.c >&5
configure:6740: $? = 0
configure:6813: gcc -o conftest -g -O2   conftest.c  >&5
configure:6813: $? = 0
configure:6813: ./conftest
configure:6813: $? = 0
configure:6824: result: yes
configure:6837: checking for sys/types.h
configure:6837: gcc -c -g -O2  conftest.c >&5
configure:6837: $? = 0
configure:6837: result: yes
configure:6837: checking for sys/stat.h
configure:6837: gcc -c -g -O2  conftest.c >&5
configure:6837: $? = 0
configure:6837: result: yes
configure:6837: checking for stdlib.h
configure:6837: gcc -c -g -O2  conftest.c >&5
configure:6837: $? = 0
configure:6837: result: yes
configure:6837: checking for string.h
configure:6837: gcc -c -g -O2  conftest.c >&5
configure:6837: $? = 0
configure:6837: result: yes
configure:6837: checking for memory.h
configure:6837: gcc -c -g -O2  conftest.c >&5
configure:6837: $? = 0
configure:6837: result: yes
configure:6837: checking for strings.h
configure:6837: gcc -c -g -O2  conftest.c >&5
configure:6837: $? = 0
configure:6837: result: yes
configure:6837: checking for inttypes.h
configure:6837: gcc -c -g -O2  conftest.c >&5
configure:6837: $? = 0
configure:6837: result: yes
configure:6837: checking for stdint.h
configure:6837: gcc -c -g -O2  conftest.c >&5
configure:6837: $? = 0
configure:6837: result: yes
configure:6837: checking for unistd.h
configure:6837: gcc -c -g -O2  conftest.c >&5
configure:6837: $? = 0
configure:6837: result: yes
configure:6852: checking for dlfcn.h
configure:6852: gcc -c -g -O2  conftest.c >&5
configure:6852: $? = 0
configure:6852: result: yes
configure:7036: checking for objdir
configure:7051: result: .libs
configure:7347: checking if gcc supports -fno-rtti -fno-exceptions
configure:7365: gcc -c -g -O2  -fno-rtti -fno-exceptions conftest.c >&5
configure:7369: $? = 0
configure:7382: result: yes
configure:7402: checking for gcc option to produce PIC
configure:7674: result: -fno-common -DPIC
configure:7686: checking if gcc PIC flag -fno-common -DPIC works
configure:7704: gcc -c -g -O2  -fno-common -DPIC -DPIC conftest.c >&5
configure:7708: $? = 0
configure:7721: result: yes
configure:7745: checking if gcc static flag -static works
configure:7773: result: no
configure:7788: checking if gcc supports -c -o file.o
configure:7809: gcc -c -g -O2  -o out/conftest2.o conftest.c >&5
configure:7813: $? = 0
configure:7835: result: yes
configure:7843: checking if gcc supports -c -o file.o
configure:7890: result: yes
configure:7923: checking whether the gcc linker (/Applications/Xcode.app/Contents/Developer/Toolchains/XcodeDefault.xctoolchain/usr/bin/ld) supports shared libraries
configure:8910: result: yes
configure:9149: checking dynamic linker characteristics
configure:9822: result: darwin13.3.0 dyld
configure:9924: checking how to hardcode library paths into programs
configure:9949: result: immediate
configure:10469: checking whether stripping libraries is possible
configure:10483: result: yes
configure:10509: checking if libtool supports shared libraries
configure:10511: result: yes
configure:10514: checking whether to build shared libraries
configure:10535: result: yes
configure:10538: checking whether to build static libraries
configure:10542: result: yes
configure:10629: checking for pkg-config
configure:10662: result: no
configure:10698: checking for ETHERAPE
configure:10763: error: in `/Users/bomeara/git/AlienVault/plugins/EtterApe/etherape-0.9.13':
configure:10774: error: The pkg-config script could not be found or is too old.  Make sure it
is in your PATH or set the PKG_CONFIG environment variable to the full
path to pkg-config.

Alternatively, you may set the environment variables ETHERAPE_CFLAGS
and ETHERAPE_LIBS to avoid the need to call pkg-config.
See the pkg-config man page for more details.

To get pkg-config, see <http://pkg-config.freedesktop.org/>.
See `config.log' for more details.

## ---------------- ##
## Cache variables. ##
## ---------------- ##

ac_cv_build=x86_64-apple-darwin13.3.0
ac_cv_c_compiler_gnu=yes
ac_cv_env_CC_set=
ac_cv_env_CC_value=
ac_cv_env_CFLAGS_set=
ac_cv_env_CFLAGS_value=
ac_cv_env_CPPFLAGS_set=
ac_cv_env_CPPFLAGS_value=
ac_cv_env_CPP_set=
ac_cv_env_CPP_value=
ac_cv_env_ETHERAPE_CFLAGS_set=
ac_cv_env_ETHERAPE_CFLAGS_value=
ac_cv_env_ETHERAPE_LIBS_set=
ac_cv_env_ETHERAPE_LIBS_value=
ac_cv_env_LDFLAGS_set=
ac_cv_env_LDFLAGS_value=
ac_cv_env_LIBS_set=
ac_cv_env_LIBS_value=
ac_cv_env_PKG_CONFIG_set=
ac_cv_env_PKG_CONFIG_value=
ac_cv_env_build_alias_set=
ac_cv_env_build_alias_value=
ac_cv_env_host_alias_set=
ac_cv_env_host_alias_value=
ac_cv_env_target_alias_set=
ac_cv_env_target_alias_value=
ac_cv_header_dlfcn_h=yes
ac_cv_header_inttypes_h=yes
ac_cv_header_memory_h=yes
ac_cv_header_stdc=yes
ac_cv_header_stdint_h=yes
ac_cv_header_stdlib_h=yes
ac_cv_header_string_h=yes
ac_cv_header_strings_h=yes
ac_cv_header_sys_stat_h=yes
ac_cv_header_sys_types_h=yes
ac_cv_header_unistd_h=yes
ac_cv_host=x86_64-apple-darwin13.3.0
ac_cv_objext=o
ac_cv_path_EGREP='/usr/bin/grep -E'
ac_cv_path_FGREP='/usr/bin/grep -F'
ac_cv_path_GREP=/usr/bin/grep
ac_cv_path_SED=/usr/bin/sed
ac_cv_path_install='/usr/bin/install -c'
ac_cv_prog_AWK=awk
ac_cv_prog_CPP='gcc -E'
ac_cv_prog_ac_ct_AR=ar
ac_cv_prog_ac_ct_CC=gcc
ac_cv_prog_ac_ct_DSYMUTIL=dsymutil
ac_cv_prog_ac_ct_LIPO=lipo
ac_cv_prog_ac_ct_NMEDIT=nmedit
ac_cv_prog_ac_ct_OTOOL=otool
ac_cv_prog_ac_ct_RANLIB=ranlib
ac_cv_prog_ac_ct_STRIP=strip
ac_cv_prog_cc_c89=
ac_cv_prog_cc_g=yes
ac_cv_prog_make_make_set=yes
am_cv_CC_dependencies_compiler_type=gcc3
lt_cv_apple_cc_single_mod=yes
lt_cv_deplibs_check_method=pass_all
lt_cv_file_magic_cmd='$MAGIC_CMD'
lt_cv_file_magic_test_file=
lt_cv_ld_exported_symbols_list=yes
lt_cv_ld_reload_flag=-r
lt_cv_nm_interface='BSD nm'
lt_cv_objdir=.libs
lt_cv_path_LD=/Applications/Xcode.app/Contents/Developer/Toolchains/XcodeDefault.xctoolchain/usr/bin/ld
lt_cv_path_NM=/usr/bin/nm
lt_cv_prog_compiler_c_o=yes
lt_cv_prog_compiler_pic_works=yes
lt_cv_prog_compiler_rtti_exceptions=yes
lt_cv_prog_compiler_static_works=no
lt_cv_prog_gnu_ld=no
lt_cv_sys_global_symbol_pipe='sed -n -e '\''s/^.*[	 ]\([BCDEGRST][BCDEGRST]*\)[	 ][	 ]*_\([_A-Za-z][_A-Za-z0-9]*\)$/\1 _\2 \2/p'\'''
lt_cv_sys_global_symbol_to_c_name_address='sed -n -e '\''s/^: \([^ ]*\) $/  {\"\1\", (void *) 0},/p'\'' -e '\''s/^[BCDEGRST]* \([^ ]*\) \([^ ]*\)$/  {"\2", (void *) \&\2},/p'\'''
lt_cv_sys_global_symbol_to_c_name_address_lib_prefix='sed -n -e '\''s/^: \([^ ]*\) $/  {\"\1\", (void *) 0},/p'\'' -e '\''s/^[BCDEGRST]* \([^ ]*\) \(lib[^ ]*\)$/  {"\2", (void *) \&\2},/p'\'' -e '\''s/^[BCDEGRST]* \([^ ]*\) \([^ ]*\)$/  {"lib\2", (void *) \&\2},/p'\'''
lt_cv_sys_global_symbol_to_cdecl='sed -n -e '\''s/^T .* \(.*\)$/extern int \1();/p'\'' -e '\''s/^[BCDEGRST]* .* \(.*\)$/extern char \1;/p'\'''
lt_cv_sys_max_cmd_len=196608

## ----------------- ##
## Output variables. ##
## ----------------- ##

ACLOCAL='${SHELL} /Users/bomeara/git/AlienVault/plugins/EtterApe/etherape-0.9.13/missing --run aclocal-1.11'
AMDEPBACKSLASH='\'
AMDEP_FALSE='#'
AMDEP_TRUE=''
AMTAR='${SHELL} /Users/bomeara/git/AlienVault/plugins/EtterApe/etherape-0.9.13/missing --run tar'
AR='ar'
AUTOCONF='${SHELL} /Users/bomeara/git/AlienVault/plugins/EtterApe/etherape-0.9.13/missing --run autoconf'
AUTOHEADER='${SHELL} /Users/bomeara/git/AlienVault/plugins/EtterApe/etherape-0.9.13/missing --run autoheader'
AUTOMAKE='${SHELL} /Users/bomeara/git/AlienVault/plugins/EtterApe/etherape-0.9.13/missing --run automake-1.11'
AWK='awk'
CC='gcc'
CCDEPMODE='depmode=gcc3'
CFLAGS='-g -O2'
CPP='gcc -E'
CPPFLAGS=''
CYGPATH_W='echo'
DATAFILE_DIR=''
DEFS=''
DEPDIR='.deps'
DISTCHECK_CONFIGURE_FLAGS=''
DOC_USER_FORMATS=''
DSYMUTIL='dsymutil'
DUMPBIN=''
ECHO_C='\c'
ECHO_N=''
ECHO_T=''
EGREP='/usr/bin/grep -E'
ENABLE_SK_FALSE=''
ENABLE_SK_TRUE=''
ETHERAPE_CFLAGS=''
ETHERAPE_LIBS=''
EXEEXT=''
FGREP='/usr/bin/grep -F'
GETTEXT_PACKAGE=''
GMSGFMT=''
GREP='/usr/bin/grep'
HAVE_GNOME_DOC_UTILS_FALSE=''
HAVE_GNOME_DOC_UTILS_TRUE=''
HELP_DIR=''
INSTALL_DATA='${INSTALL} -m 644'
INSTALL_PROGRAM='${INSTALL}'
INSTALL_SCRIPT='${INSTALL}'
INSTALL_STRIP_PROGRAM='$(install_sh) -c -s'
INTLLIBS=''
LD='/Applications/Xcode.app/Contents/Developer/Toolchains/XcodeDefault.xctoolchain/usr/bin/ld'
LDFLAGS=''
LIBICONV=''
LIBINTL=''
LIBOBJS=''
LIBS=''
LIBTOOL='$(SHELL) $(top_builddir)/libtool'
LIPO='lipo'
LN_S='ln -s'
LTLIBICONV=''
LTLIBINTL=''
LTLIBOBJS=''
MAKEINFO='${SHELL} /Users/bomeara/git/AlienVault/plugins/EtterApe/etherape-0.9.13/missing --run makeinfo'
MKDIR_P='./install-sh -c -d'
MKINSTALLDIRS=''
MSGFMT=''
MSGMERGE=''
NM='/usr/bin/nm'
NMEDIT='nmedit'
OBJDUMP='false'
OBJEXT='o'
OMF_DIR=''
OTOOL64=':'
OTOOL='otool'
PACKAGE='etherape'
PACKAGE_BUGREPORT=''
PACKAGE_NAME='etherape'
PACKAGE_STRING='etherape 0.9.13'
PACKAGE_TARNAME='etherape'
PACKAGE_URL=''
PACKAGE_VERSION='0.9.13'
PATH_SEPARATOR=':'
PCAP_LIBS=''
PKG_CONFIG=''
POSUB=''
RANLIB='ranlib'
SED='/usr/bin/sed'
SET_MAKE=''
SHELL='/bin/sh'
STRIP='strip'
USE_NLS=''
VERSION='0.9.13'
XGETTEXT=''
ac_ct_CC='gcc'
ac_ct_DUMPBIN=''
am__EXEEXT_FALSE=''
am__EXEEXT_TRUE=''
am__fastdepCC_FALSE='#'
am__fastdepCC_TRUE=''
am__include='include'
am__isrc=''
am__leading_dot='.'
am__quote=''
am__tar='${AMTAR} chof - "$$tardir"'
am__untar='${AMTAR} xf -'
bindir='${exec_prefix}/bin'
build='x86_64-apple-darwin13.3.0'
build_alias=''
build_cpu='x86_64'
build_os='darwin13.3.0'
build_vendor='apple'
datadir='${datarootdir}'
datarootdir='${prefix}/share'
docdir='${datarootdir}/doc/${PACKAGE_TARNAME}'
dvidir='${docdir}'
exec_prefix='NONE'
host='x86_64-apple-darwin13.3.0'
host_alias=''
host_cpu='x86_64'
host_os='darwin13.3.0'
host_vendor='apple'
htmldir='${docdir}'
includedir='${prefix}/include'
infodir='${datarootdir}/info'
install_sh='${SHELL} /Users/bomeara/git/AlienVault/plugins/EtterApe/etherape-0.9.13/install-sh'
libdir='${exec_prefix}/lib'
libexecdir='${exec_prefix}/libexec'
localedir='${datarootdir}/locale'
localstatedir='${prefix}/var'
lt_ECHO='/bin/echo'
mandir='${datarootdir}/man'
mkdir_p='$(top_builddir)/./install-sh -c -d'
oldincludedir='/usr/include'
pdfdir='${docdir}'
prefix='NONE'
program_transform_name='s,x,x,'
psdir='${docdir}'
sbindir='${exec_prefix}/sbin'
sharedstatedir='${prefix}/com'
sysconfdir='${prefix}/etc'
target_alias=''

## ----------- ##
## confdefs.h. ##
## ----------- ##

/* confdefs.h */
#define PACKAGE_NAME "etherape"
#define PACKAGE_TARNAME "etherape"
#define PACKAGE_VERSION "0.9.13"
#define PACKAGE_STRING "etherape 0.9.13"
#define PACKAGE_BUGREPORT ""
#define PACKAGE_URL ""
#define PACKAGE "etherape"
#define VERSION "0.9.13"
#define HAVE_CATGETS /**/
#define GETTEXT_PACKAGE /**/
#define HAVE_LIBSM /**/
#define HAVE_LIBPCAP /**/
#define HAVE_U_INT /**/
#define STDC_HEADERS 1
#define HAVE_SYS_TYPES_H 1
#define HAVE_SYS_STAT_H 1
#define HAVE_STDLIB_H 1
#define HAVE_STRING_H 1
#define HAVE_MEMORY_H 1
#define HAVE_STRINGS_H 1
#define HAVE_INTTYPES_H 1
#define HAVE_STDINT_H 1
#define HAVE_UNISTD_H 1
#define HAVE_DLFCN_H 1
#define LT_OBJDIR ".libs/"

configure: exit 1
